2024-02-10 09:33:44,331 INFO: TaskManager startup [in /Users/akshay/Downloads/Devops_Flask-main/Task_Manager/app.py:50]
2024-02-10 09:33:45,167 INFO: TaskManager startup [in /Users/akshay/Downloads/Devops_Flask-main/Task_Manager/app.py:50]
2024-02-10 09:35:29,515 INFO: TaskManager startup [in /Users/akshay/Downloads/Devops_Flask-main/Task_Manager/app.py:50]
2024-02-10 09:35:30,330 INFO: TaskManager startup [in /Users/akshay/Downloads/Devops_Flask-main/Task_Manager/app.py:50]
2024-02-10 09:43:09,945 INFO: TaskManager startup [in /Users/akshay/Downloads/Devops_Flask-main/Task_Manager/app.py:50]
2024-02-10 09:44:08,834 INFO: TaskManager startup [in /Users/akshay/Downloads/Devops_Flask-main/Task_Manager/app.py:50]
2024-02-10 09:44:45,486 INFO: TaskManager startup [in /Users/akshay/Downloads/Devops_Flask-main/Task_Manager/app.py:50]
2024-02-10 10:05:34,992 INFO: TaskManager startup [in /Users/akshay/Downloads/Devops_Flask-main/Task_Manager/app.py:50]
2024-02-10 10:05:35,898 INFO: TaskManager startup [in /Users/akshay/Downloads/Devops_Flask-main/Task_Manager/app.py:50]
2024-02-10 10:07:53,997 INFO: TaskManager startup [in /Users/akshay/Downloads/Devops_Flask-main/Task_Manager/app.py:50]
2024-02-10 10:24:38,301 INFO: TaskManager startup [in /Users/akshay/Downloads/Devops_Flask-main/Task_Manager/app.py:51]
2024-02-10 10:24:39,091 INFO: TaskManager startup [in /Users/akshay/Downloads/Devops_Flask-main/Task_Manager/app.py:51]
2024-02-10 10:30:30,547 INFO: TaskManager startup [in /Users/akshay/Downloads/Devops_Flask-main/Task_Manager/app.py:51]
2024-02-10 10:38:57,441 INFO: TaskManager startup [in /Users/akshay/Downloads/Devops_Flask-main/Task_Manager/app.py:77]
2024-02-10 10:39:43,806 INFO: TaskManager startup [in /Users/akshay/Downloads/Devops_Flask-main/Task_Manager/app.py:77]
2024-02-10 10:39:44,740 INFO: TaskManager startup [in /Users/akshay/Downloads/Devops_Flask-main/Task_Manager/app.py:77]
2024-02-10 10:42:04,377 INFO: TaskManager startup [in /Users/akshay/Downloads/Devops_Flask-main/Task_Manager/app.py:76]
2024-02-10 10:42:43,298 INFO: TaskManager startup [in /Users/akshay/Downloads/Devops_Flask-main/Task_Manager/app.py:76]
2024-02-10 11:21:33,043 INFO: TaskManager startup [in /Users/akshay/Downloads/Devops_Flask-main/Task_Manager/app.py:76]
2024-02-10 11:24:05,384 INFO: TaskManager startup [in /Users/akshay/Downloads/Devops_Flask-main/Task_Manager/app.py:76]
2024-02-10 11:25:02,975 INFO: TaskManager startup [in /Users/akshay/Downloads/Devops_Flask-main/Task_Manager/app.py:76]
2024-02-10 11:33:25,347 INFO: TaskManager startup [in /Users/akshay/Downloads/Devops_Flask-main/Task_Manager/app.py:76]
2024-02-10 11:33:32,444 INFO: TaskManager startup [in /Users/akshay/Downloads/Devops_Flask-main/Task_Manager/app.py:76]
2024-02-10 11:35:20,708 INFO: TaskManager startup [in /Users/akshay/Downloads/Devops_Flask-main/Task_Manager/app.py:76]
2024-02-10 11:36:27,408 INFO: TaskManager startup [in /Users/akshay/Downloads/Devops_Flask-main/Task_Manager/app.py:76]
2024-02-10 11:39:07,831 INFO: TaskManager startup [in /Users/akshay/Downloads/Devops_Flask-main/Task_Manager/app.py:76]
2024-02-10 11:41:37,586 INFO: TaskManager startup [in /Users/akshay/Downloads/Devops_Flask-main/Task_Manager/app.py:76]
2024-02-10 11:45:53,638 INFO: TaskManager startup [in /Users/akshay/Downloads/Devops_Flask-main/Task_Manager/app.py:76]
2024-02-10 11:52:35,517 INFO: TaskManager startup [in /Users/akshay/Downloads/Devops_Flask-main/Task_Manager/app.py:76]
2024-02-10 11:53:12,278 INFO: TaskManager startup [in /Users/akshay/Downloads/Devops_Flask-main/Task_Manager/app.py:76]
2024-02-10 11:54:02,239 INFO: TaskManager startup [in /Users/akshay/Downloads/Devops_Flask-main/Task_Manager/app.py:76]
2024-02-10 11:54:51,154 INFO: TaskManager startup [in /Users/akshay/Downloads/Devops_Flask-main/Task_Manager/app.py:76]
2024-02-10 11:55:14,227 INFO: Task added: raman task1 [in /Users/akshay/Downloads/Devops_Flask-main/Task_Manager/app.py:140]
2024-02-10 11:57:17,300 INFO: TaskManager startup [in /Users/akshay/Downloads/Devops_Flask-main/Task_Manager/app.py:76]
2024-02-10 11:57:31,538 INFO: Task added: raman task [in /Users/akshay/Downloads/Devops_Flask-main/Task_Manager/app.py:141]
2024-02-10 12:04:28,895 INFO: TaskManager startup [in /Users/akshay/Downloads/Devops_Flask-main/Task_Manager/app.py:73]
2024-02-10 12:05:56,184 INFO: TaskManager startup [in /Users/akshay/Downloads/Devops_Flask-main/Task_Manager/app.py:52]
2024-02-10 12:05:57,244 INFO: TaskManager startup [in /Users/akshay/Downloads/Devops_Flask-main/Task_Manager/app.py:52]
2024-02-10 12:06:22,405 INFO: Task added: ramantask [in /Users/akshay/Downloads/Devops_Flask-main/Task_Manager/app.py:125]
2024-02-10 12:07:49,482 INFO: TaskManager startup [in /Users/akshay/Downloads/Devops_Flask-main/Task_Manager/app.py:52]
2024-02-10 12:08:08,217 INFO: Task added: raman_task [in /Users/akshay/Downloads/Devops_Flask-main/Task_Manager/app.py:126]
2024-02-10 12:12:39,527 INFO: TaskManager startup [in /Users/akshay/Downloads/Devops_Flask-main/Task_Manager/app.py:52]
2024-02-10 12:12:55,928 INFO: Task added: ramn old ttask [in /Users/akshay/Downloads/Devops_Flask-main/Task_Manager/app.py:123]
2024-02-10 12:25:30,670 INFO: TaskManager startup [in /Users/akshay/Downloads/Devops_Flask-main/Task_Manager/app.py:52]
2024-02-10 12:25:57,288 INFO: TaskManager startup [in /Users/akshay/Downloads/Devops_Flask-main/Task_Manager/app.py:52]
2024-02-10 12:26:32,825 INFO: TaskManager startup [in /Users/akshay/Downloads/Devops_Flask-main/Task_Manager/app.py:52]
2024-02-10 12:27:01,255 INFO: TaskManager startup [in /Users/akshay/Downloads/Devops_Flask-main/Task_Manager/app.py:52]
2024-02-10 12:30:02,943 INFO: TaskManager startup [in /Users/akshay/Downloads/Devops_Flask-main/Task_Manager/app.py:52]
2024-02-10 12:33:11,469 INFO: TaskManager startup [in /Users/akshay/Downloads/Devops_Flask-main/Task_Manager/app.py:52]
2024-02-10 12:34:13,180 INFO: TaskManager startup [in /Users/akshay/Downloads/Devops_Flask-main/Task_Manager/app.py:52]
2024-02-10 12:34:14,110 INFO: TaskManager startup [in /Users/akshay/Downloads/Devops_Flask-main/Task_Manager/app.py:52]
2024-02-10 12:34:40,681 INFO: Task added:  [in /Users/akshay/Downloads/Devops_Flask-main/Task_Manager/app.py:126]
2024-02-10 12:34:45,775 INFO: Task added: task1 [in /Users/akshay/Downloads/Devops_Flask-main/Task_Manager/app.py:126]
2024-02-10 12:35:11,413 INFO: TaskManager startup [in /Users/akshay/Downloads/Devops_Flask-main/Task_Manager/app.py:52]
2024-02-10 12:35:16,044 INFO: Task added: sdcsdc [in /Users/akshay/Downloads/Devops_Flask-main/Task_Manager/app.py:126]
2024-02-10 12:35:27,816 INFO: Task added: sfvsdcs [in /Users/akshay/Downloads/Devops_Flask-main/Task_Manager/app.py:126]
2024-02-10 12:36:13,888 INFO: TaskManager startup [in /Users/akshay/Downloads/Devops_Flask-main/Task_Manager/app.py:52]
2024-02-10 12:36:36,061 INFO: Task added: aksjdc [in /Users/akshay/Downloads/Devops_Flask-main/Task_Manager/app.py:125]
2024-02-10 12:38:35,140 INFO: TaskManager startup [in /Users/akshay/Downloads/Devops_Flask-main/Task_Manager/app.py:52]
2024-02-10 12:38:51,834 INFO: Task added: raman trask 1 [in /Users/akshay/Downloads/Devops_Flask-main/Task_Manager/app.py:126]
2024-02-10 12:40:07,243 INFO: TaskManager startup [in /Users/akshay/Downloads/Devops_Flask-main/Task_Manager/app.py:52]
2024-02-10 12:40:54,560 INFO: TaskManager startup [in /Users/akshay/Downloads/Devops_Flask-main/Task_Manager/app.py:52]
2024-02-10 12:41:14,580 INFO: TaskManager startup [in /Users/akshay/Downloads/Devops_Flask-main/Task_Manager/app.py:52]
2024-02-10 12:41:42,305 INFO: Task added:  [in /Users/akshay/Downloads/Devops_Flask-main/Task_Manager/app.py:123]
2024-02-10 12:41:55,594 INFO: Task added: akshay task 1 [in /Users/akshay/Downloads/Devops_Flask-main/Task_Manager/app.py:123]
2024-02-10 12:44:52,372 INFO: TaskManager startup [in /Users/akshay/Downloads/Devops_Flask-main/Task_Manager/app.py:52]
2024-02-10 12:45:30,288 INFO: TaskManager startup [in /Users/akshay/Downloads/Devops_Flask-main/Task_Manager/app.py:52]
2024-02-10 12:46:01,264 INFO: TaskManager startup [in /Users/akshay/Downloads/Devops_Flask-main/Task_Manager/app.py:52]
2024-02-10 12:47:44,364 INFO: TaskManager startup [in /Users/akshay/Downloads/Devops_Flask-main/Task_Manager/app.py:52]
2024-02-10 12:47:46,673 INFO: TaskManager startup [in /Users/akshay/Downloads/Devops_Flask-main/Task_Manager/app.py:52]
2024-02-10 12:51:27,102 INFO: TaskManager startup [in /Users/akshay/Downloads/Devops_Flask-main/Task_Manager/app.py:52]
2024-02-10 12:51:28,455 INFO: TaskManager startup [in /Users/akshay/Downloads/Devops_Flask-main/Task_Manager/app.py:52]
2024-02-10 12:53:53,068 INFO: TaskManager startup [in /Users/akshay/Downloads/Devops_Flask-main/Task_Manager/app.py:52]
2024-02-10 12:54:39,438 INFO: TaskManager startup [in /Users/akshay/Downloads/Devops_Flask-main/Task_Manager/app.py:52]
2024-02-10 12:54:46,574 INFO: TaskManager startup [in /Users/akshay/Downloads/Devops_Flask-main/Task_Manager/app.py:52]
2024-02-10 12:57:44,710 INFO: TaskManager startup [in /Users/akshay/Downloads/Devops_Flask-main/Task_Manager/app.py:52]
2024-02-10 12:57:59,388 INFO: Task added: raman task 1 [in /Users/akshay/Downloads/Devops_Flask-main/Task_Manager/app.py:131]
2024-02-10 12:58:56,768 INFO: Task added: akshay task 1 [in /Users/akshay/Downloads/Devops_Flask-main/Task_Manager/app.py:131]
2024-02-10 13:03:11,052 INFO: Task added: akshay task 2 [in /Users/akshay/Downloads/Devops_Flask-main/Task_Manager/app.py:131]
2024-02-10 13:03:58,380 INFO: TaskManager startup [in /Users/akshay/Downloads/Devops_Flask-main/Task_Manager/app.py:52]
